{"C:\\Users\\Makerspace_01\\DICT\\testing\\src\\calculator.js": {"path":"C:\\Users\\Makerspace_01\\DICT\\testing\\src\\calculator.js","statementMap":{"0":{"start":{"line":1,"column":19},"end":{"line":14,"column":3}},"1":{"start":{"line":2,"column":4},"end":{"line":13,"column":5}},"2":{"start":{"line":4,"column":8},"end":{"line":4,"column":27}},"3":{"start":{"line":6,"column":8},"end":{"line":6,"column":27}},"4":{"start":{"line":8,"column":8},"end":{"line":8,"column":27}},"5":{"start":{"line":10,"column":8},"end":{"line":10,"column":27}},"6":{"start":{"line":12,"column":8},"end":{"line":12,"column":34}},"7":{"start":{"line":16,"column":2},"end":{"line":16,"column":32}}},"fnMap":{"0":{"name":"(anonymous_0)","decl":{"start":{"line":1,"column":19},"end":{"line":1,"column":20}},"loc":{"start":{"line":1,"column":45},"end":{"line":14,"column":3}},"line":1}},"branchMap":{"0":{"loc":{"start":{"line":2,"column":4},"end":{"line":13,"column":5}},"type":"switch","locations":[{"start":{"line":3,"column":6},"end":{"line":4,"column":27}},{"start":{"line":5,"column":6},"end":{"line":6,"column":27}},{"start":{"line":7,"column":6},"end":{"line":8,"column":27}},{"start":{"line":9,"column":6},"end":{"line":10,"column":27}},{"start":{"line":11,"column":6},"end":{"line":12,"column":34}}],"line":2}},"s":{"0":1,"1":5,"2":1,"3":1,"4":1,"5":1,"6":1,"7":1},"f":{"0":5},"b":{"0":[1,1,1,1,1]},"_coverageSchema":"1a1c01bbd47fc00a2c39e90264f33305004495a9","hash":"de3b50a24d88d13bbcaf6f57c705b1e574c65799"}
}
